[25-Mar-2021 00:24:46 UTC] [2021-03-25 00:24:46] ERROR: You have requested a non-existent parameter "kernel.project_dir". (/var/www/vendor/symfony/dependency-injection/ParameterBag/ParameterBag.php:98)
[25-Mar-2021 00:24:49 UTC] [2021-03-25 00:24:49] ERROR: Class "App\Component\Tcp\Constant\Defaults" not found (/var/www/src/Tcp/Controller/MainController.php:11)
[25-Mar-2021 00:24:49 UTC] PHP Fatal error:  Uncaught Error: Typed static property App\Component\Application\BaseApplication::$container must not be accessed before initialization in /var/www/src/Component/Application/BaseApplication.php:52
Stack trace:
#0 /var/www/src/Component/Application/GameApplication.php(18): App\Component\Application\BaseApplication::has()
#1 /var/www/src/Component/Request/Kernel.php(49): App\Component\Application\GameApplication::__callStatic()
#2 /var/www/src/Component/Server/GameServer.php(46): App\Component\Request\Kernel->run()
#3 {main}
  thrown in /var/www/src/Component/Application/BaseApplication.php on line 52
[25-Mar-2021 00:24:50 UTC] PHP Fatal error:  Uncaught Error: Class "App\Cli\Reporter" not found in /var/www/server.php:21
Stack trace:
#0 /var/www/index.php(9): include_once()
#1 {main}
  thrown in /var/www/server.php on line 21
[25-Mar-2021 00:24:50 UTC] PHP Fatal error:  Uncaught TypeError: (null)(): supplied resource is not a valid stream resource in [no active file]:0
Stack trace:
#0 {main}
  thrown in [no active file] on line 0
[25-Mar-2021 00:24:50 UTC] PHP Fatal error:  Uncaught Error: Typed static property App\Component\Application\BaseApplication::$container must not be accessed before initialization in /var/www/src/Component/Application/BaseApplication.php:47
Stack trace:
#0 /var/www/index.php(15): App\Component\Application\BaseApplication::set()
#1 {main}
  thrown in /var/www/src/Component/Application/BaseApplication.php on line 47
[25-Mar-2021 00:24:50 UTC] PHP Fatal error:  Uncaught TypeError: (null)(): supplied resource is not a valid stream resource in [no active file]:0
Stack trace:
#0 {main}
  thrown in [no active file] on line 0
[25-Mar-2021 00:27:14 UTC] [2021-03-25 00:27:14] ERROR: You have requested a non-existent parameter "kernel.project_dir". (/var/www/vendor/symfony/dependency-injection/ParameterBag/ParameterBag.php:98)
[25-Mar-2021 00:27:20 UTC] [2021-03-25 00:27:20] ERROR: Class "App\Component\Tcp\Constant\Defaults" not found (/var/www/src/Tcp/Controller/MainController.php:11)
[25-Mar-2021 00:27:20 UTC] PHP Fatal error:  Uncaught Error: Class "App\Component\Tcp\Constant\Defaults" not found in /var/www/src/Component/Request/Kernel.php:49
Stack trace:
#0 /var/www/src/Component/Server/GameServer.php(46): App\Component\Request\Kernel->run()
#1 {main}
  thrown in /var/www/src/Component/Request/Kernel.php on line 49
[25-Mar-2021 00:28:34 UTC] PHP Fatal error:  Uncaught Error: Class "App\Cli\Reporter" not found in /var/www/server.php:21
Stack trace:
#0 /var/www/index.php(9): include_once()
#1 {main}
  thrown in /var/www/server.php on line 21
[25-Mar-2021 00:28:34 UTC] PHP Fatal error:  Uncaught TypeError: (null)(): supplied resource is not a valid stream resource in [no active file]:0
Stack trace:
#0 {main}
  thrown in [no active file] on line 0
[25-Mar-2021 00:28:34 UTC] PHP Fatal error:  Uncaught TypeError: (null)(): supplied resource is not a valid stream resource in [no active file]:0
Stack trace:
#0 {main}
  thrown in [no active file] on line 0
[25-Mar-2021 00:28:49 UTC] [2021-03-25 00:28:49] ERROR: You have requested a non-existent parameter "kernel.project_dir". (/var/www/vendor/symfony/dependency-injection/ParameterBag/ParameterBag.php:98)
[25-Mar-2021 00:28:53 UTC] PHP Fatal error:  Uncaught Error: Class "App\Cli\Reporter" not found in /var/www/server.php:21
Stack trace:
#0 /var/www/index.php(9): include_once()
#1 {main}
  thrown in /var/www/server.php on line 21
[25-Mar-2021 00:28:53 UTC] PHP Fatal error:  Uncaught TypeError: (null)(): supplied resource is not a valid stream resource in [no active file]:0
Stack trace:
#0 {main}
  thrown in [no active file] on line 0
[25-Mar-2021 00:28:53 UTC] PHP Fatal error:  Uncaught TypeError: (null)(): supplied resource is not a valid stream resource in [no active file]:0
Stack trace:
#0 {main}
  thrown in [no active file] on line 0
[25-Mar-2021 00:30:15 UTC] [2021-03-25 00:30:15] ERROR: You have requested a non-existent parameter "kernel.project_dir". (/var/www/vendor/symfony/dependency-injection/ParameterBag/ParameterBag.php:98)
[25-Mar-2021 00:34:14 UTC] [2021-03-25 00:34:14] ERROR: You have requested a non-existent parameter "kernel.project_dir". (/var/www/vendor/symfony/dependency-injection/ParameterBag/ParameterBag.php:98)
[25-Mar-2021 00:34:30 UTC] [2021-03-25 00:34:30] ERROR: Call to a member function getMethod() on null (/var/www/src/Component/Request/Kernel.php:42)
